<?xml version="1.0" encoding="UTF-8"?>
<coverage generated="1776412910066" clover="3.2.0">
  <project timestamp="1776412910066" name="All files">
    <metrics statements="155" coveredstatements="135" conditionals="56" coveredconditionals="43" methods="35" coveredmethods="29" elements="246" coveredelements="207" complexity="0" loc="155" ncloc="155" packages="1" files="2" classes="2"/>
    <file name="PolarbearMonitor.ts" path="/Users/lavie/WebstormProjects/aircotest/src/Airco/services/PolarbearMonitor.ts">
      <metrics statements="146" coveredstatements="127" conditionals="55" coveredconditionals="42" methods="32" coveredmethods="27"/>
      <line num="1" count="1" type="stmt"/>
      <line num="2" count="1" type="stmt"/>
      <line num="4" count="1" type="stmt"/>
      <line num="24" count="1" type="stmt"/>
      <line num="25" count="9" type="stmt"/>
      <line num="26" count="9" type="stmt"/>
      <line num="27" count="9" type="stmt"/>
      <line num="28" count="9" type="stmt"/>
      <line num="31" count="9" type="stmt"/>
      <line num="32" count="9" type="stmt"/>
      <line num="38" count="9" type="stmt"/>
      <line num="48" count="9" type="cond" truecount="0" falsecount="1"/>
      <line num="49" count="9" type="cond" truecount="0" falsecount="1"/>
      <line num="53" count="1" type="stmt"/>
      <line num="54" count="2" type="stmt"/>
      <line num="55" count="2" type="stmt"/>
      <line num="59" count="1" type="stmt"/>
      <line num="60" count="1" type="stmt"/>
      <line num="64" count="10" type="stmt"/>
      <line num="65" count="10" type="stmt"/>
      <line num="66" count="13" type="cond" truecount="1" falsecount="1"/>
      <line num="67" count="0" type="stmt"/>
      <line num="70" count="13" type="stmt"/>
      <line num="71" count="13" type="stmt"/>
      <line num="72" count="13" type="stmt"/>
      <line num="74" count="13" type="stmt"/>
      <line num="75" count="16" type="stmt"/>
      <line num="76" count="32" type="stmt"/>
      <line num="83" count="32" type="stmt"/>
      <line num="85" count="32" type="stmt"/>
      <line num="96" count="0" type="stmt"/>
      <line num="109" count="3" type="cond" truecount="2" falsecount="0"/>
      <line num="110" count="1" type="stmt"/>
      <line num="113" count="2" type="cond" truecount="2" falsecount="0"/>
      <line num="114" count="1" type="stmt"/>
      <line num="117" count="1" type="stmt"/>
      <line num="118" count="1" type="cond" truecount="2" falsecount="0"/>
      <line num="121" count="1" type="cond" truecount="1" falsecount="1"/>
      <line num="122" count="0" type="stmt"/>
      <line num="125" count="1" type="stmt"/>
      <line num="126" count="2" type="stmt"/>
      <line num="127" count="2" type="stmt"/>
      <line num="128" count="2" type="stmt"/>
      <line num="130" count="2" type="stmt"/>
      <line num="131" count="2" type="stmt"/>
      <line num="132" count="3" type="stmt"/>
      <line num="140" count="3" type="stmt"/>
      <line num="148" count="3" type="stmt"/>
      <line num="156" count="3" type="stmt"/>
      <line num="163" count="0" type="stmt"/>
      <line num="179" count="32" type="stmt"/>
      <line num="180" count="32" type="stmt"/>
      <line num="182" count="32" type="stmt"/>
      <line num="183" count="32" type="stmt"/>
      <line num="184" count="32" type="stmt"/>
      <line num="186" count="32" type="cond" truecount="2" falsecount="0"/>
      <line num="187" count="20" type="stmt"/>
      <line num="190" count="12" type="cond" truecount="2" falsecount="0"/>
      <line num="191" count="12" type="cond" truecount="2" falsecount="0"/>
      <line num="193" count="12" type="cond" truecount="2" falsecount="0"/>
      <line num="194" count="1" type="stmt"/>
      <line num="195" count="1" type="stmt"/>
      <line num="198" count="1" type="stmt"/>
      <line num="199" count="1" type="stmt"/>
      <line num="202" count="1" type="stmt"/>
      <line num="212" count="12" type="cond" truecount="1" falsecount="1"/>
      <line num="213" count="0" type="stmt"/>
      <line num="214" count="0" type="stmt"/>
      <line num="217" count="0" type="stmt"/>
      <line num="218" count="0" type="stmt"/>
      <line num="221" count="0" type="stmt"/>
      <line num="240" count="1" type="cond" truecount="1" falsecount="1"/>
      <line num="241" count="0" type="stmt"/>
      <line num="244" count="1" type="cond" truecount="1" falsecount="1"/>
      <line num="247" count="0" type="stmt"/>
      <line num="250" count="1" type="stmt"/>
      <line num="253" count="1" type="stmt"/>
      <line num="255" count="1" type="stmt"/>
      <line num="264" count="1" type="stmt"/>
      <line num="284" count="1" type="cond" truecount="1" falsecount="1"/>
      <line num="289" count="0" type="stmt"/>
      <line num="292" count="1" type="stmt"/>
      <line num="293" count="2" type="stmt"/>
      <line num="294" count="2" type="stmt"/>
      <line num="295" count="2" type="stmt"/>
      <line num="297" count="2" type="stmt"/>
      <line num="298" count="2" type="stmt"/>
      <line num="299" count="3" type="cond" truecount="4" falsecount="0"/>
      <line num="300" count="1" type="stmt"/>
      <line num="303" count="2" type="stmt"/>
      <line num="313" count="2" type="stmt"/>
      <line num="321" count="2" type="stmt"/>
      <line num="329" count="2" type="stmt"/>
      <line num="336" count="0" type="stmt"/>
      <line num="351" count="32" type="stmt"/>
      <line num="362" count="32" type="stmt"/>
      <line num="363" count="128" type="stmt"/>
      <line num="364" count="128" type="stmt"/>
      <line num="365" count="128" type="stmt"/>
      <line num="367" count="128" type="stmt"/>
      <line num="369" count="128" type="cond" truecount="2" falsecount="0"/>
      <line num="370" count="80" type="stmt"/>
      <line num="373" count="48" type="cond" truecount="2" falsecount="0"/>
      <line num="374" count="44" type="stmt"/>
      <line num="377" count="4" type="cond" truecount="2" falsecount="0"/>
      <line num="380" count="1" type="stmt"/>
      <line num="383" count="3" type="cond" truecount="2" falsecount="0"/>
      <line num="384" count="1" type="stmt"/>
      <line num="393" count="1" type="stmt"/>
      <line num="413" count="32" type="stmt"/>
      <line num="415" count="32" type="stmt"/>
      <line num="418" count="32" type="stmt"/>
      <line num="421" count="32" type="stmt"/>
      <line num="424" count="32" type="stmt"/>
      <line num="436" count="5" type="cond" truecount="2" falsecount="2"/>
      <line num="438" count="2" type="stmt"/>
      <line num="439" count="2" type="stmt"/>
      <line num="441" count="0" type="stmt"/>
      <line num="442" count="0" type="stmt"/>
      <line num="444" count="0" type="stmt"/>
      <line num="445" count="0" type="stmt"/>
      <line num="447" count="3" type="stmt"/>
      <line num="448" count="3" type="stmt"/>
      <line num="453" count="34" type="stmt"/>
      <line num="457" count="17" type="stmt"/>
      <line num="459" count="17" type="cond" truecount="2" falsecount="0"/>
      <line num="460" count="10" type="stmt"/>
      <line num="461" count="10" type="stmt"/>
      <line num="462" count="10" type="stmt"/>
      <line num="465" count="17" type="stmt"/>
      <line num="467" count="17" type="cond" truecount="2" falsecount="0"/>
      <line num="468" count="10" type="stmt"/>
      <line num="469" count="10" type="stmt"/>
      <line num="472" count="17" type="stmt"/>
      <line num="476" count="166" type="cond" truecount="2" falsecount="0"/>
      <line num="478" count="166" type="stmt"/>
      <line num="479" count="0" type="stmt"/>
      <line num="481" count="166" type="stmt"/>
      <line num="483" count="166" type="stmt"/>
      <line num="485" count="166" type="stmt"/>
      <line num="488" count="166" type="stmt"/>
      <line num="492" count="166" type="stmt"/>
      <line num="493" count="166" type="stmt"/>
      <line num="495" count="166" type="cond" truecount="1" falsecount="1"/>
      <line num="496" count="0" type="stmt"/>
      <line num="499" count="166" type="stmt"/>
    </file>
    <file name="SyncTypes.ts" path="/Users/lavie/WebstormProjects/aircotest/src/Airco/services/SyncTypes.ts">
      <metrics statements="9" coveredstatements="8" conditionals="1" coveredconditionals="1" methods="3" coveredmethods="2"/>
      <line num="67" count="1" type="stmt"/>
      <line num="74" count="1" type="stmt"/>
      <line num="78" count="1" type="stmt"/>
      <line num="82" count="1" type="stmt"/>
      <line num="88" count="134" type="stmt"/>
      <line num="91" count="1" type="stmt"/>
      <line num="96" count="48" type="stmt"/>
      <line num="99" count="1" type="stmt"/>
      <line num="100" count="0" type="stmt"/>
    </file>
  </project>
</coverage>
