{"/Users/lavie/WebstormProjects/aircotest/src/Airco/services/EnvironmentDeviceService.ts": {"path":"/Users/lavie/WebstormProjects/aircotest/src/Airco/services/EnvironmentDeviceService.ts","statementMap":{"0":{"start":{"line":7,"column":14},"end":{"line":7,"column":73}},"1":{"start":{"line":10,"column":4},"end":{"line":10,"column":40}},"2":{"start":{"line":14,"column":4},"end":{"line":14,"column":45}},"3":{"start":{"line":20,"column":4},"end":{"line":22,"column":5}},"4":{"start":{"line":21,"column":6},"end":{"line":21,"column":42}},"5":{"start":{"line":24,"column":4},"end":{"line":26,"column":5}},"6":{"start":{"line":25,"column":6},"end":{"line":25,"column":42}},"7":{"start":{"line":28,"column":4},"end":{"line":28,"column":45}},"8":{"start":{"line":35,"column":4},"end":{"line":35,"column":52}},"9":{"start":{"line":39,"column":4},"end":{"line":39,"column":44}},"10":{"start":{"line":6,"column":0},"end":{"line":6,"column":13}}},"fnMap":{"0":{"name":"(anonymous_0)","decl":{"start":{"line":7,"column":2},"end":{"line":7,"column":14}},"loc":{"start":{"line":7,"column":70},"end":{"line":7,"column":74}}},"1":{"name":"(anonymous_1)","decl":{"start":{"line":9,"column":2},"end":{"line":9,"column":7}},"loc":{"start":{"line":9,"column":18},"end":{"line":11,"column":3}}},"2":{"name":"(anonymous_2)","decl":{"start":{"line":13,"column":2},"end":{"line":13,"column":7}},"loc":{"start":{"line":13,"column":32},"end":{"line":15,"column":3}}},"3":{"name":"(anonymous_3)","decl":{"start":{"line":17,"column":2},"end":{"line":17,"column":7}},"loc":{"start":{"line":18,"column":38},"end":{"line":29,"column":3}}},"4":{"name":"(anonymous_4)","decl":{"start":{"line":31,"column":2},"end":{"line":31,"column":7}},"loc":{"start":{"line":33,"column":38},"end":{"line":36,"column":3}}},"5":{"name":"(anonymous_5)","decl":{"start":{"line":38,"column":2},"end":{"line":38,"column":7}},"loc":{"start":{"line":38,"column":31},"end":{"line":40,"column":3}}}},"branchMap":{"0":{"loc":{"start":{"line":20,"column":4},"end":{"line":22,"column":5}},"type":"if","locations":[{"start":{"line":20,"column":4},"end":{"line":22,"column":5}},{"start":{},"end":{}}]},"1":{"loc":{"start":{"line":24,"column":4},"end":{"line":26,"column":5}},"type":"if","locations":[{"start":{"line":24,"column":4},"end":{"line":26,"column":5}},{"start":{},"end":{}}]}},"s":{"0":7,"1":1,"2":1,"3":3,"4":1,"5":2,"6":1,"7":1,"8":1,"9":1,"10":1},"f":{"0":7,"1":1,"2":1,"3":3,"4":1,"5":1},"b":{"0":[1,2],"1":[1,1]}}
}
