{"/Users/lavie/WebstormProjects/aircotest/src/Airco/services/PolarbearMonitor.ts": {"path":"/Users/lavie/WebstormProjects/aircotest/src/Airco/services/PolarbearMonitor.ts","statementMap":{"0":{"start":{"line":1,"column":0},"end":{"line":1,"column":51}},"1":{"start":{"line":2,"column":0},"end":{"line":2,"column":50}},"2":{"start":{"line":4,"column":0},"end":{"line":4,"column":null}},"3":{"start":{"line":31,"column":4},"end":{"line":31,"column":null}},"4":{"start":{"line":32,"column":4},"end":{"line":37,"column":null}},"5":{"start":{"line":38,"column":4},"end":{"line":47,"column":null}},"6":{"start":{"line":48,"column":4},"end":{"line":48,"column":null}},"7":{"start":{"line":49,"column":4},"end":{"line":49,"column":null}},"8":{"start":{"line":25,"column":10},"end":{"line":25,"column":null}},"9":{"start":{"line":26,"column":10},"end":{"line":26,"column":null}},"10":{"start":{"line":27,"column":10},"end":{"line":27,"column":null}},"11":{"start":{"line":28,"column":10},"end":{"line":28,"column":null}},"12":{"start":{"line":53,"column":4},"end":{"line":57,"column":5}},"13":{"start":{"line":54,"column":6},"end":{"line":56,"column":16}},"14":{"start":{"line":55,"column":8},"end":{"line":55,"column":39}},"15":{"start":{"line":59,"column":4},"end":{"line":59,"column":29}},"16":{"start":{"line":60,"column":4},"end":{"line":60,"column":28}},"17":{"start":{"line":64,"column":4},"end":{"line":102,"column":5}},"18":{"start":{"line":65,"column":6},"end":{"line":101,"column":7}},"19":{"start":{"line":66,"column":8},"end":{"line":68,"column":9}},"20":{"start":{"line":67,"column":10},"end":{"line":67,"column":19}},"21":{"start":{"line":70,"column":8},"end":{"line":100,"column":9}},"22":{"start":{"line":71,"column":23},"end":{"line":71,"column":72}},"23":{"start":{"line":72,"column":26},"end":{"line":72,"column":63}},"24":{"start":{"line":74,"column":10},"end":{"line":94,"column":11}},"25":{"start":{"line":75,"column":12},"end":{"line":93,"column":13}},"26":{"start":{"line":76,"column":31},"end":{"line":80,"column":null}},"27":{"start":{"line":83,"column":14},"end":{"line":83,"column":80}},"28":{"start":{"line":85,"column":14},"end":{"line":92,"column":16}},"29":{"start":{"line":96,"column":10},"end":{"line":99,"column":12}},"30":{"start":{"line":109,"column":4},"end":{"line":111,"column":5}},"31":{"start":{"line":110,"column":6},"end":{"line":110,"column":13}},"32":{"start":{"line":113,"column":4},"end":{"line":115,"column":5}},"33":{"start":{"line":114,"column":6},"end":{"line":114,"column":13}},"34":{"start":{"line":117,"column":17},"end":{"line":118,"column":null}},"35":{"start":{"line":118,"column":13},"end":{"line":118,"column":71}},"36":{"start":{"line":121,"column":4},"end":{"line":123,"column":5}},"37":{"start":{"line":122,"column":6},"end":{"line":122,"column":13}},"38":{"start":{"line":125,"column":4},"end":{"line":168,"column":5}},"39":{"start":{"line":126,"column":6},"end":{"line":167,"column":7}},"40":{"start":{"line":127,"column":21},"end":{"line":127,"column":70}},"41":{"start":{"line":128,"column":24},"end":{"line":128,"column":61}},"42":{"start":{"line":130,"column":8},"end":{"line":161,"column":11}},"43":{"start":{"line":131,"column":10},"end":{"line":160,"column":11}},"44":{"start":{"line":132,"column":12},"end":{"line":138,"column":15}},"45":{"start":{"line":140,"column":12},"end":{"line":146,"column":14}},"46":{"start":{"line":148,"column":12},"end":{"line":154,"column":14}},"47":{"start":{"line":156,"column":12},"end":{"line":159,"column":14}},"48":{"start":{"line":163,"column":8},"end":{"line":166,"column":10}},"49":{"start":{"line":179,"column":18},"end":{"line":180,"column":null}},"50":{"start":{"line":180,"column":6},"end":{"line":180,"column":30}},"51":{"start":{"line":182,"column":24},"end":{"line":182,"column":60}},"52":{"start":{"line":183,"column":22},"end":{"line":183,"column":53}},"53":{"start":{"line":184,"column":4},"end":{"line":184,"column":43}},"54":{"start":{"line":186,"column":4},"end":{"line":188,"column":5}},"55":{"start":{"line":187,"column":6},"end":{"line":187,"column":13}},"56":{"start":{"line":190,"column":24},"end":{"line":190,"column":52}},"57":{"start":{"line":191,"column":23},"end":{"line":191,"column":51}},"58":{"start":{"line":193,"column":4},"end":{"line":210,"column":5}},"59":{"start":{"line":194,"column":20},"end":{"line":195,"column":null}},"60":{"start":{"line":195,"column":8},"end":{"line":195,"column":48}},"61":{"start":{"line":198,"column":6},"end":{"line":200,"column":8}},"62":{"start":{"line":199,"column":8},"end":{"line":199,"column":58}},"63":{"start":{"line":202,"column":6},"end":{"line":209,"column":8}},"64":{"start":{"line":212,"column":4},"end":{"line":229,"column":5}},"65":{"start":{"line":213,"column":20},"end":{"line":214,"column":null}},"66":{"start":{"line":214,"column":8},"end":{"line":214,"column":47}},"67":{"start":{"line":217,"column":6},"end":{"line":219,"column":8}},"68":{"start":{"line":218,"column":8},"end":{"line":218,"column":57}},"69":{"start":{"line":221,"column":6},"end":{"line":228,"column":8}},"70":{"start":{"line":240,"column":4},"end":{"line":242,"column":5}},"71":{"start":{"line":241,"column":6},"end":{"line":241,"column":13}},"72":{"start":{"line":244,"column":4},"end":{"line":248,"column":5}},"73":{"start":{"line":247,"column":6},"end":{"line":247,"column":13}},"74":{"start":{"line":250,"column":4},"end":{"line":250,"column":79}},"75":{"start":{"line":253,"column":4},"end":{"line":253,"column":79}},"76":{"start":{"line":255,"column":4},"end":{"line":262,"column":7}},"77":{"start":{"line":264,"column":4},"end":{"line":273,"column":7}},"78":{"start":{"line":284,"column":4},"end":{"line":290,"column":5}},"79":{"start":{"line":289,"column":6},"end":{"line":289,"column":13}},"80":{"start":{"line":292,"column":4},"end":{"line":341,"column":5}},"81":{"start":{"line":293,"column":6},"end":{"line":340,"column":7}},"82":{"start":{"line":294,"column":21},"end":{"line":294,"column":70}},"83":{"start":{"line":295,"column":24},"end":{"line":295,"column":61}},"84":{"start":{"line":297,"column":8},"end":{"line":334,"column":11}},"85":{"start":{"line":298,"column":10},"end":{"line":333,"column":11}},"86":{"start":{"line":299,"column":12},"end":{"line":301,"column":13}},"87":{"start":{"line":300,"column":14},"end":{"line":300,"column":23}},"88":{"start":{"line":303,"column":12},"end":{"line":311,"column":15}},"89":{"start":{"line":313,"column":12},"end":{"line":319,"column":14}},"90":{"start":{"line":321,"column":12},"end":{"line":327,"column":14}},"91":{"start":{"line":329,"column":12},"end":{"line":332,"column":14}},"92":{"start":{"line":336,"column":8},"end":{"line":339,"column":10}},"93":{"start":{"line":351,"column":4},"end":{"line":360,"column":6}},"94":{"start":{"line":362,"column":4},"end":{"line":404,"column":5}},"95":{"start":{"line":363,"column":20},"end":{"line":363,"column":38}},"96":{"start":{"line":364,"column":18},"end":{"line":364,"column":65}},"97":{"start":{"line":365,"column":23},"end":{"line":365,"column":46}},"98":{"start":{"line":367,"column":6},"end":{"line":367,"column":37}},"99":{"start":{"line":369,"column":6},"end":{"line":371,"column":7}},"100":{"start":{"line":370,"column":8},"end":{"line":370,"column":17}},"101":{"start":{"line":373,"column":6},"end":{"line":375,"column":7}},"102":{"start":{"line":374,"column":8},"end":{"line":374,"column":17}},"103":{"start":{"line":377,"column":6},"end":{"line":381,"column":7}},"104":{"start":{"line":380,"column":8},"end":{"line":380,"column":17}},"105":{"start":{"line":383,"column":6},"end":{"line":403,"column":7}},"106":{"start":{"line":384,"column":8},"end":{"line":391,"column":11}},"107":{"start":{"line":393,"column":8},"end":{"line":402,"column":11}},"108":{"start":{"line":413,"column":4},"end":{"line":426,"column":6}},"109":{"start":{"line":415,"column":8},"end":{"line":415,"column":41}},"110":{"start":{"line":418,"column":8},"end":{"line":418,"column":51}},"111":{"start":{"line":421,"column":8},"end":{"line":421,"column":41}},"112":{"start":{"line":424,"column":8},"end":{"line":424,"column":40}},"113":{"start":{"line":436,"column":4},"end":{"line":449,"column":5}},"114":{"start":{"line":438,"column":8},"end":{"line":438,"column":55}},"115":{"start":{"line":439,"column":8},"end":{"line":439,"column":15}},"116":{"start":{"line":441,"column":8},"end":{"line":441,"column":65}},"117":{"start":{"line":442,"column":8},"end":{"line":442,"column":15}},"118":{"start":{"line":444,"column":8},"end":{"line":444,"column":55}},"119":{"start":{"line":445,"column":8},"end":{"line":445,"column":15}},"120":{"start":{"line":447,"column":8},"end":{"line":447,"column":54}},"121":{"start":{"line":448,"column":8},"end":{"line":448,"column":15}},"122":{"start":{"line":453,"column":4},"end":{"line":453,"column":27}},"123":{"start":{"line":457,"column":16},"end":{"line":457,"column":41}},"124":{"start":{"line":459,"column":4},"end":{"line":463,"column":5}},"125":{"start":{"line":460,"column":21},"end":{"line":460,"column":59}},"126":{"start":{"line":461,"column":22},"end":{"line":461,"column":50}},"127":{"start":{"line":462,"column":6},"end":{"line":462,"column":73}},"128":{"start":{"line":465,"column":17},"end":{"line":465,"column":43}},"129":{"start":{"line":467,"column":4},"end":{"line":470,"column":5}},"130":{"start":{"line":468,"column":6},"end":{"line":468,"column":42}},"131":{"start":{"line":469,"column":6},"end":{"line":469,"column":30}},"132":{"start":{"line":472,"column":4},"end":{"line":472,"column":16}},"133":{"start":{"line":476,"column":21},"end":{"line":476,"column":70}},"134":{"start":{"line":478,"column":17},"end":{"line":481,"column":31}},"135":{"start":{"line":479,"column":19},"end":{"line":479,"column":28}},"136":{"start":{"line":481,"column":21},"end":{"line":481,"column":30}},"137":{"start":{"line":483,"column":4},"end":{"line":486,"column":6}},"138":{"start":{"line":485,"column":22},"end":{"line":485,"column":31}},"139":{"start":{"line":485,"column":45},"end":{"line":485,"column":54}},"140":{"start":{"line":488,"column":4},"end":{"line":488,"column":16}},"141":{"start":{"line":492,"column":4},"end":{"line":500,"column":7}},"142":{"start":{"line":493,"column":21},"end":{"line":493,"column":31}},"143":{"start":{"line":495,"column":6},"end":{"line":497,"column":7}},"144":{"start":{"line":496,"column":8},"end":{"line":496,"column":79}},"145":{"start":{"line":496,"column":39},"end":{"line":496,"column":77}},"146":{"start":{"line":499,"column":6},"end":{"line":499,"column":20}},"147":{"start":{"line":24,"column":0},"end":{"line":24,"column":21}}},"fnMap":{"0":{"name":"(anonymous_0)","decl":{"start":{"line":30,"column":2},"end":{"line":30,"column":null}},"loc":{"start":{"line":49,"column":29},"end":{"line":50,"column":6}}},"1":{"name":"(anonymous_1)","decl":{"start":{"line":52,"column":2},"end":{"line":52,"column":7}},"loc":{"start":{"line":52,"column":12},"end":{"line":61,"column":3}}},"2":{"name":"(anonymous_2)","decl":{"start":{"line":63,"column":2},"end":{"line":63,"column":7}},"loc":{"start":{"line":63,"column":39},"end":{"line":103,"column":3}}},"3":{"name":"(anonymous_3)","decl":{"start":{"line":105,"column":2},"end":{"line":105,"column":7}},"loc":{"start":{"line":107,"column":24},"end":{"line":169,"column":3}}},"4":{"name":"(anonymous_4)","decl":{"start":{"line":118,"column":6},"end":{"line":118,"column":7}},"loc":{"start":{"line":118,"column":13},"end":{"line":118,"column":71}}},"5":{"name":"(anonymous_5)","decl":{"start":{"line":130,"column":43},"end":{"line":130,"column":48}},"loc":{"start":{"line":130,"column":54},"end":{"line":161,"column":9}}},"6":{"name":"(anonymous_6)","decl":{"start":{"line":171,"column":10},"end":{"line":171,"column":15}},"loc":{"start":{"line":177,"column":19},"end":{"line":230,"column":3}}},"7":{"name":"(anonymous_7)","decl":{"start":{"line":179,"column":53},"end":{"line":179,"column":56}},"loc":{"start":{"line":180,"column":6},"end":{"line":180,"column":30}}},"8":{"name":"(anonymous_8)","decl":{"start":{"line":194,"column":55},"end":{"line":194,"column":58}},"loc":{"start":{"line":195,"column":8},"end":{"line":195,"column":48}}},"9":{"name":"(anonymous_9)","decl":{"start":{"line":198,"column":41},"end":{"line":198,"column":44}},"loc":{"start":{"line":199,"column":8},"end":{"line":199,"column":58}}},"10":{"name":"(anonymous_10)","decl":{"start":{"line":213,"column":55},"end":{"line":213,"column":58}},"loc":{"start":{"line":214,"column":8},"end":{"line":214,"column":47}}},"11":{"name":"(anonymous_11)","decl":{"start":{"line":217,"column":41},"end":{"line":217,"column":44}},"loc":{"start":{"line":218,"column":8},"end":{"line":218,"column":57}}},"12":{"name":"(anonymous_12)","decl":{"start":{"line":232,"column":10},"end":{"line":232,"column":15}},"loc":{"start":{"line":238,"column":17},"end":{"line":274,"column":3}}},"13":{"name":"(anonymous_13)","decl":{"start":{"line":276,"column":10},"end":{"line":276,"column":15}},"loc":{"start":{"line":282,"column":17},"end":{"line":342,"column":3}}},"14":{"name":"(anonymous_14)","decl":{"start":{"line":297,"column":43},"end":{"line":297,"column":48}},"loc":{"start":{"line":297,"column":54},"end":{"line":334,"column":9}}},"15":{"name":"(anonymous_15)","decl":{"start":{"line":344,"column":10},"end":{"line":344,"column":15}},"loc":{"start":{"line":349,"column":22},"end":{"line":405,"column":3}}},"16":{"name":"(anonymous_16)","decl":{"start":{"line":407,"column":10},"end":{"line":407,"column":15}},"loc":{"start":{"line":411,"column":14},"end":{"line":427,"column":3}}},"17":{"name":"(anonymous_17)","decl":{"start":{"line":414,"column":51},"end":{"line":414,"column":54}},"loc":{"start":{"line":415,"column":8},"end":{"line":415,"column":41}}},"18":{"name":"(anonymous_18)","decl":{"start":{"line":417,"column":61},"end":{"line":417,"column":64}},"loc":{"start":{"line":418,"column":8},"end":{"line":418,"column":51}}},"19":{"name":"(anonymous_19)","decl":{"start":{"line":420,"column":51},"end":{"line":420,"column":54}},"loc":{"start":{"line":421,"column":8},"end":{"line":421,"column":41}}},"20":{"name":"(anonymous_20)","decl":{"start":{"line":423,"column":50},"end":{"line":423,"column":53}},"loc":{"start":{"line":424,"column":8},"end":{"line":424,"column":40}}},"21":{"name":"(anonymous_21)","decl":{"start":{"line":429,"column":10},"end":{"line":429,"column":15}},"loc":{"start":{"line":434,"column":17},"end":{"line":450,"column":3}}},"22":{"name":"(anonymous_22)","decl":{"start":{"line":452,"column":10},"end":{"line":452,"column":20}},"loc":{"start":{"line":452,"column":45},"end":{"line":454,"column":3}}},"23":{"name":"(anonymous_23)","decl":{"start":{"line":456,"column":10},"end":{"line":456,"column":15}},"loc":{"start":{"line":456,"column":57},"end":{"line":473,"column":3}}},"24":{"name":"(anonymous_24)","decl":{"start":{"line":475,"column":10},"end":{"line":475,"column":17}},"loc":{"start":{"line":475,"column":58},"end":{"line":489,"column":3}}},"25":{"name":"(anonymous_25)","decl":{"start":{"line":479,"column":13},"end":{"line":479,"column":16}},"loc":{"start":{"line":479,"column":19},"end":{"line":479,"column":28}}},"26":{"name":"(anonymous_26)","decl":{"start":{"line":481,"column":15},"end":{"line":481,"column":18}},"loc":{"start":{"line":481,"column":21},"end":{"line":481,"column":30}}},"27":{"name":"(anonymous_27)","decl":{"start":{"line":485,"column":16},"end":{"line":485,"column":19}},"loc":{"start":{"line":485,"column":22},"end":{"line":485,"column":31}}},"28":{"name":"(anonymous_28)","decl":{"start":{"line":485,"column":39},"end":{"line":485,"column":42}},"loc":{"start":{"line":485,"column":45},"end":{"line":485,"column":54}}},"29":{"name":"(anonymous_29)","decl":{"start":{"line":491,"column":10},"end":{"line":491,"column":24}},"loc":{"start":{"line":491,"column":65},"end":{"line":501,"column":3}}},"30":{"name":"(anonymous_30)","decl":{"start":{"line":492,"column":33},"end":{"line":492,"column":38}},"loc":{"start":{"line":492,"column":44},"end":{"line":500,"column":5}}},"31":{"name":"(anonymous_31)","decl":{"start":{"line":496,"column":26},"end":{"line":496,"column":27}},"loc":{"start":{"line":496,"column":39},"end":{"line":496,"column":77}}}},"branchMap":{"0":{"loc":{"start":{"line":48,"column":12},"end":{"line":48,"column":35}},"type":"default-arg","locations":[{"start":{"line":48,"column":30},"end":{"line":48,"column":35}}]},"1":{"loc":{"start":{"line":49,"column":12},"end":{"line":49,"column":29}},"type":"default-arg","locations":[{"start":{"line":49,"column":27},"end":{"line":49,"column":29}}]},"2":{"loc":{"start":{"line":66,"column":8},"end":{"line":68,"column":9}},"type":"if","locations":[{"start":{"line":66,"column":8},"end":{"line":68,"column":9}},{"start":{},"end":{}}]},"3":{"loc":{"start":{"line":109,"column":4},"end":{"line":111,"column":5}},"type":"if","locations":[{"start":{"line":109,"column":4},"end":{"line":111,"column":5}},{"start":{},"end":{}}]},"4":{"loc":{"start":{"line":113,"column":4},"end":{"line":115,"column":5}},"type":"if","locations":[{"start":{"line":113,"column":4},"end":{"line":115,"column":5}},{"start":{},"end":{}}]},"5":{"loc":{"start":{"line":118,"column":13},"end":{"line":118,"column":71}},"type":"binary-expr","locations":[{"start":{"line":118,"column":13},"end":{"line":118,"column":40}},{"start":{"line":118,"column":44},"end":{"line":118,"column":71}}]},"6":{"loc":{"start":{"line":121,"column":4},"end":{"line":123,"column":5}},"type":"if","locations":[{"start":{"line":121,"column":4},"end":{"line":123,"column":5}},{"start":{},"end":{}}]},"7":{"loc":{"start":{"line":186,"column":4},"end":{"line":188,"column":5}},"type":"if","locations":[{"start":{"line":186,"column":4},"end":{"line":188,"column":5}},{"start":{},"end":{}}]},"8":{"loc":{"start":{"line":190,"column":24},"end":{"line":190,"column":52}},"type":"cond-expr","locations":[{"start":{"line":190,"column":37},"end":{"line":190,"column":43}},{"start":{"line":190,"column":46},"end":{"line":190,"column":52}}]},"9":{"loc":{"start":{"line":191,"column":23},"end":{"line":191,"column":51}},"type":"cond-expr","locations":[{"start":{"line":191,"column":36},"end":{"line":191,"column":42}},{"start":{"line":191,"column":45},"end":{"line":191,"column":51}}]},"10":{"loc":{"start":{"line":193,"column":4},"end":{"line":210,"column":5}},"type":"if","locations":[{"start":{"line":193,"column":4},"end":{"line":210,"column":5}},{"start":{},"end":{}}]},"11":{"loc":{"start":{"line":212,"column":4},"end":{"line":229,"column":5}},"type":"if","locations":[{"start":{"line":212,"column":4},"end":{"line":229,"column":5}},{"start":{},"end":{}}]},"12":{"loc":{"start":{"line":240,"column":4},"end":{"line":242,"column":5}},"type":"if","locations":[{"start":{"line":240,"column":4},"end":{"line":242,"column":5}},{"start":{},"end":{}}]},"13":{"loc":{"start":{"line":244,"column":4},"end":{"line":248,"column":5}},"type":"if","locations":[{"start":{"line":244,"column":4},"end":{"line":248,"column":5}},{"start":{},"end":{}}]},"14":{"loc":{"start":{"line":284,"column":4},"end":{"line":290,"column":5}},"type":"if","locations":[{"start":{"line":284,"column":4},"end":{"line":290,"column":5}},{"start":{},"end":{}}]},"15":{"loc":{"start":{"line":285,"column":6},"end":{"line":287,"column":29}},"type":"binary-expr","locations":[{"start":{"line":285,"column":6},"end":{"line":285,"column":29}},{"start":{"line":286,"column":6},"end":{"line":286,"column":28}},{"start":{"line":287,"column":6},"end":{"line":287,"column":29}}]},"16":{"loc":{"start":{"line":299,"column":12},"end":{"line":301,"column":13}},"type":"if","locations":[{"start":{"line":299,"column":12},"end":{"line":301,"column":13}},{"start":{},"end":{}}]},"17":{"loc":{"start":{"line":299,"column":16},"end":{"line":299,"column":75}},"type":"binary-expr","locations":[{"start":{"line":299,"column":16},"end":{"line":299,"column":42}},{"start":{"line":299,"column":46},"end":{"line":299,"column":75}}]},"18":{"loc":{"start":{"line":369,"column":6},"end":{"line":371,"column":7}},"type":"if","locations":[{"start":{"line":369,"column":6},"end":{"line":371,"column":7}},{"start":{},"end":{}}]},"19":{"loc":{"start":{"line":373,"column":6},"end":{"line":375,"column":7}},"type":"if","locations":[{"start":{"line":373,"column":6},"end":{"line":375,"column":7}},{"start":{},"end":{}}]},"20":{"loc":{"start":{"line":377,"column":6},"end":{"line":381,"column":7}},"type":"if","locations":[{"start":{"line":377,"column":6},"end":{"line":381,"column":7}},{"start":{},"end":{}}]},"21":{"loc":{"start":{"line":383,"column":6},"end":{"line":403,"column":7}},"type":"if","locations":[{"start":{"line":383,"column":6},"end":{"line":403,"column":7}},{"start":{},"end":{}}]},"22":{"loc":{"start":{"line":436,"column":4},"end":{"line":449,"column":5}},"type":"switch","locations":[{"start":{"line":437,"column":6},"end":{"line":439,"column":15}},{"start":{"line":440,"column":6},"end":{"line":442,"column":15}},{"start":{"line":443,"column":6},"end":{"line":445,"column":15}},{"start":{"line":446,"column":6},"end":{"line":448,"column":15}}]},"23":{"loc":{"start":{"line":459,"column":4},"end":{"line":463,"column":5}},"type":"if","locations":[{"start":{"line":459,"column":4},"end":{"line":463,"column":5}},{"start":{},"end":{}}]},"24":{"loc":{"start":{"line":467,"column":4},"end":{"line":470,"column":5}},"type":"if","locations":[{"start":{"line":467,"column":4},"end":{"line":470,"column":5}},{"start":{},"end":{}}]},"25":{"loc":{"start":{"line":476,"column":21},"end":{"line":476,"column":70}},"type":"binary-expr","locations":[{"start":{"line":476,"column":21},"end":{"line":476,"column":49}},{"start":{"line":476,"column":53},"end":{"line":476,"column":70}}]},"26":{"loc":{"start":{"line":495,"column":6},"end":{"line":497,"column":7}},"type":"if","locations":[{"start":{"line":495,"column":6},"end":{"line":497,"column":7}},{"start":{},"end":{}}]}},"s":{"0":1,"1":1,"2":1,"3":9,"4":9,"5":9,"6":9,"7":9,"8":9,"9":9,"10":9,"11":9,"12":1,"13":2,"14":2,"15":1,"16":1,"17":10,"18":10,"19":13,"20":0,"21":13,"22":13,"23":13,"24":13,"25":16,"26":32,"27":32,"28":32,"29":0,"30":3,"31":1,"32":2,"33":1,"34":1,"35":1,"36":1,"37":0,"38":1,"39":2,"40":2,"41":2,"42":2,"43":2,"44":3,"45":3,"46":3,"47":3,"48":0,"49":32,"50":32,"51":32,"52":32,"53":32,"54":32,"55":20,"56":12,"57":12,"58":12,"59":1,"60":1,"61":1,"62":1,"63":1,"64":12,"65":0,"66":0,"67":0,"68":0,"69":0,"70":1,"71":0,"72":1,"73":0,"74":1,"75":1,"76":1,"77":1,"78":1,"79":0,"80":1,"81":2,"82":2,"83":2,"84":2,"85":2,"86":3,"87":1,"88":2,"89":2,"90":2,"91":2,"92":0,"93":32,"94":32,"95":128,"96":128,"97":128,"98":128,"99":128,"100":80,"101":48,"102":44,"103":4,"104":1,"105":3,"106":1,"107":1,"108":32,"109":32,"110":32,"111":32,"112":32,"113":5,"114":2,"115":2,"116":0,"117":0,"118":0,"119":0,"120":3,"121":3,"122":34,"123":17,"124":17,"125":10,"126":10,"127":10,"128":17,"129":17,"130":10,"131":10,"132":17,"133":166,"134":166,"135":0,"136":166,"137":166,"138":166,"139":0,"140":166,"141":166,"142":166,"143":166,"144":0,"145":0,"146":166,"147":1},"f":{"0":9,"1":1,"2":10,"3":3,"4":1,"5":2,"6":32,"7":32,"8":1,"9":1,"10":0,"11":0,"12":1,"13":1,"14":2,"15":32,"16":32,"17":32,"18":32,"19":32,"20":32,"21":5,"22":34,"23":17,"24":166,"25":0,"26":166,"27":166,"28":0,"29":166,"30":166,"31":0},"b":{"0":[0],"1":[0],"2":[0,13],"3":[1,2],"4":[1,1],"5":[1,1],"6":[0,1],"7":[20,12],"8":[6,6],"9":[6,6],"10":[1,11],"11":[0,12],"12":[0,1],"13":[0,1],"14":[0,1],"15":[1,0,0],"16":[1,2],"17":[3,2],"18":[80,48],"19":[44,4],"20":[1,3],"21":[1,2],"22":[2,0,0,3],"23":[10,7],"24":[10,7],"25":[166,10],"26":[0,166]}}
,"/Users/lavie/WebstormProjects/aircotest/src/Airco/services/SyncTypes.ts": {"path":"/Users/lavie/WebstormProjects/aircotest/src/Airco/services/SyncTypes.ts","statementMap":{"0":{"start":{"line":82,"column":0},"end":{"line":82,"column":16}},"1":{"start":{"line":91,"column":0},"end":{"line":91,"column":16}},"2":{"start":{"line":99,"column":0},"end":{"line":99,"column":16}},"3":{"start":{"line":67,"column":13},"end":{"line":72,"column":3}},"4":{"start":{"line":74,"column":13},"end":{"line":76,"column":2}},"5":{"start":{"line":78,"column":13},"end":{"line":80,"column":2}},"6":{"start":{"line":88,"column":2},"end":{"line":88,"column":53}},"7":{"start":{"line":96,"column":2},"end":{"line":96,"column":38}},"8":{"start":{"line":100,"column":2},"end":{"line":100,"column":68}}},"fnMap":{"0":{"name":"createStateKey","decl":{"start":{"line":82,"column":16},"end":{"line":82,"column":30}},"loc":{"start":{"line":86,"column":24},"end":{"line":89,"column":1}}},"1":{"name":"sameNumericValue","decl":{"start":{"line":91,"column":16},"end":{"line":91,"column":32}},"loc":{"start":{"line":94,"column":18},"end":{"line":97,"column":1}}},"2":{"name":"createMessageId","decl":{"start":{"line":99,"column":16},"end":{"line":99,"column":31}},"loc":{"start":{"line":99,"column":31},"end":{"line":101,"column":1}}}},"branchMap":{"0":{"loc":{"start":{"line":94,"column":2},"end":{"line":94,"column":18}},"type":"default-arg","locations":[{"start":{"line":94,"column":14},"end":{"line":94,"column":18}}]}},"s":{"0":1,"1":1,"2":1,"3":1,"4":1,"5":1,"6":134,"7":48,"8":0},"f":{"0":134,"1":48,"2":0},"b":{"0":[48]}}
}
