TN:
SF:src/Airco/services/PolarbearMonitor.ts
FN:30,(anonymous_0)
FN:52,(anonymous_1)
FN:63,(anonymous_2)
FN:105,(anonymous_3)
FN:118,(anonymous_4)
FN:130,(anonymous_5)
FN:171,(anonymous_6)
FN:179,(anonymous_7)
FN:194,(anonymous_8)
FN:198,(anonymous_9)
FN:213,(anonymous_10)
FN:217,(anonymous_11)
FN:232,(anonymous_12)
FN:276,(anonymous_13)
FN:297,(anonymous_14)
FN:344,(anonymous_15)
FN:407,(anonymous_16)
FN:414,(anonymous_17)
FN:417,(anonymous_18)
FN:420,(anonymous_19)
FN:423,(anonymous_20)
FN:429,(anonymous_21)
FN:452,(anonymous_22)
FN:456,(anonymous_23)
FN:475,(anonymous_24)
FN:479,(anonymous_25)
FN:481,(anonymous_26)
FN:485,(anonymous_27)
FN:485,(anonymous_28)
FN:491,(anonymous_29)
FN:492,(anonymous_30)
FN:496,(anonymous_31)
FNF:32
FNH:27
FNDA:9,(anonymous_0)
FNDA:1,(anonymous_1)
FNDA:10,(anonymous_2)
FNDA:3,(anonymous_3)
FNDA:1,(anonymous_4)
FNDA:2,(anonymous_5)
FNDA:32,(anonymous_6)
FNDA:32,(anonymous_7)
FNDA:1,(anonymous_8)
FNDA:1,(anonymous_9)
FNDA:0,(anonymous_10)
FNDA:0,(anonymous_11)
FNDA:1,(anonymous_12)
FNDA:1,(anonymous_13)
FNDA:2,(anonymous_14)
FNDA:32,(anonymous_15)
FNDA:32,(anonymous_16)
FNDA:32,(anonymous_17)
FNDA:32,(anonymous_18)
FNDA:32,(anonymous_19)
FNDA:32,(anonymous_20)
FNDA:5,(anonymous_21)
FNDA:34,(anonymous_22)
FNDA:17,(anonymous_23)
FNDA:166,(anonymous_24)
FNDA:0,(anonymous_25)
FNDA:166,(anonymous_26)
FNDA:166,(anonymous_27)
FNDA:0,(anonymous_28)
FNDA:166,(anonymous_29)
FNDA:166,(anonymous_30)
FNDA:0,(anonymous_31)
DA:1,1
DA:2,1
DA:4,1
DA:24,1
DA:25,9
DA:26,9
DA:27,9
DA:28,9
DA:31,9
DA:32,9
DA:38,9
DA:48,9
DA:49,9
DA:53,1
DA:54,2
DA:55,2
DA:59,1
DA:60,1
DA:64,10
DA:65,10
DA:66,13
DA:67,0
DA:70,13
DA:71,13
DA:72,13
DA:74,13
DA:75,16
DA:76,32
DA:83,32
DA:85,32
DA:96,0
DA:109,3
DA:110,1
DA:113,2
DA:114,1
DA:117,1
DA:118,1
DA:121,1
DA:122,0
DA:125,1
DA:126,2
DA:127,2
DA:128,2
DA:130,2
DA:131,2
DA:132,3
DA:140,3
DA:148,3
DA:156,3
DA:163,0
DA:179,32
DA:180,32
DA:182,32
DA:183,32
DA:184,32
DA:186,32
DA:187,20
DA:190,12
DA:191,12
DA:193,12
DA:194,1
DA:195,1
DA:198,1
DA:199,1
DA:202,1
DA:212,12
DA:213,0
DA:214,0
DA:217,0
DA:218,0
DA:221,0
DA:240,1
DA:241,0
DA:244,1
DA:247,0
DA:250,1
DA:253,1
DA:255,1
DA:264,1
DA:284,1
DA:289,0
DA:292,1
DA:293,2
DA:294,2
DA:295,2
DA:297,2
DA:298,2
DA:299,3
DA:300,1
DA:303,2
DA:313,2
DA:321,2
DA:329,2
DA:336,0
DA:351,32
DA:362,32
DA:363,128
DA:364,128
DA:365,128
DA:367,128
DA:369,128
DA:370,80
DA:373,48
DA:374,44
DA:377,4
DA:380,1
DA:383,3
DA:384,1
DA:393,1
DA:413,32
DA:415,32
DA:418,32
DA:421,32
DA:424,32
DA:436,5
DA:438,2
DA:439,2
DA:441,0
DA:442,0
DA:444,0
DA:445,0
DA:447,3
DA:448,3
DA:453,34
DA:457,17
DA:459,17
DA:460,10
DA:461,10
DA:462,10
DA:465,17
DA:467,17
DA:468,10
DA:469,10
DA:472,17
DA:476,166
DA:478,166
DA:479,0
DA:481,166
DA:483,166
DA:485,166
DA:488,166
DA:492,166
DA:493,166
DA:495,166
DA:496,0
DA:499,166
LF:146
LH:127
BRDA:48,0,0,0
BRDA:49,1,0,0
BRDA:66,2,0,0
BRDA:66,2,1,13
BRDA:109,3,0,1
BRDA:109,3,1,2
BRDA:113,4,0,1
BRDA:113,4,1,1
BRDA:118,5,0,1
BRDA:118,5,1,1
BRDA:121,6,0,0
BRDA:121,6,1,1
BRDA:186,7,0,20
BRDA:186,7,1,12
BRDA:190,8,0,6
BRDA:190,8,1,6
BRDA:191,9,0,6
BRDA:191,9,1,6
BRDA:193,10,0,1
BRDA:193,10,1,11
BRDA:212,11,0,0
BRDA:212,11,1,12
BRDA:240,12,0,0
BRDA:240,12,1,1
BRDA:244,13,0,0
BRDA:244,13,1,1
BRDA:284,14,0,0
BRDA:284,14,1,1
BRDA:285,15,0,1
BRDA:285,15,1,0
BRDA:285,15,2,0
BRDA:299,16,0,1
BRDA:299,16,1,2
BRDA:299,17,0,3
BRDA:299,17,1,2
BRDA:369,18,0,80
BRDA:369,18,1,48
BRDA:373,19,0,44
BRDA:373,19,1,4
BRDA:377,20,0,1
BRDA:377,20,1,3
BRDA:383,21,0,1
BRDA:383,21,1,2
BRDA:436,22,0,2
BRDA:436,22,1,0
BRDA:436,22,2,0
BRDA:436,22,3,3
BRDA:459,23,0,10
BRDA:459,23,1,7
BRDA:467,24,0,10
BRDA:467,24,1,7
BRDA:476,25,0,166
BRDA:476,25,1,10
BRDA:495,26,0,0
BRDA:495,26,1,166
BRF:55
BRH:42
end_of_record
TN:
SF:src/Airco/services/SyncTypes.ts
FN:82,createStateKey
FN:91,sameNumericValue
FN:99,createMessageId
FNF:3
FNH:2
FNDA:134,createStateKey
FNDA:48,sameNumericValue
FNDA:0,createMessageId
DA:67,1
DA:74,1
DA:78,1
DA:82,1
DA:88,134
DA:91,1
DA:96,48
DA:99,1
DA:100,0
LF:9
LH:8
BRDA:94,0,0,48
BRF:1
BRH:1
end_of_record
